<?xml version="1.0" encoding="UTF-8"?>
<!-- Generated by org.testng.reporters.JUnitReportReporter -->
<testsuite hostname="DESKTOP-9BNPP6S" failures="1" tests="1" name="test.PB_TC_1020_ValidatePolicyUserName" time="28.094" errors="0" timestamp="2023-07-14T19:39:08 IST" skipped="0">
  <testcase classname="test.PB_TC_1020_ValidatePolicyUserName" name="validateUserName" time="28.094">
    <failure message="TC is failed actual and expected are not matching expected [Shalaka Pandurang Mithari1] but found [Shalaka Pandurang Mithari]" type="java.lang.AssertionError">
      <![CDATA[java.lang.AssertionError: TC is failed actual and expected are not matching expected [Shalaka Pandurang Mithari1] but found [Shalaka Pandurang Mithari]
at org.testng.Assert.fail(Assert.java:111)
at org.testng.Assert.failNotEquals(Assert.java:1578)
at org.testng.Assert.assertEqualsImpl(Assert.java:150)
at org.testng.Assert.assertEquals(Assert.java:132)
at org.testng.Assert.assertEquals(Assert.java:656)
at test.PB_TC_1020_ValidatePolicyUserName.validateUserName(PB_TC_1020_ValidatePolicyUserName.java:81)
at java.base/jdk.internal.reflect.NativeMethodAccessorImpl.invoke0(Native Method)
at java.base/jdk.internal.reflect.NativeMethodAccessorImpl.invoke(NativeMethodAccessorImpl.java:77)
at java.base/jdk.internal.reflect.DelegatingMethodAccessorImpl.invoke(DelegatingMethodAccessorImpl.java:43)
at java.base/java.lang.reflect.Method.invoke(Method.java:568)
at org.testng.internal.invokers.MethodInvocationHelper.invokeMethod(MethodInvocationHelper.java:139)
at org.testng.internal.invokers.TestInvoker.invokeMethod(TestInvoker.java:664)
at org.testng.internal.invokers.TestInvoker.invokeTestMethod(TestInvoker.java:227)
at org.testng.internal.invokers.MethodRunner.runInSequence(MethodRunner.java:50)
at org.testng.internal.invokers.TestInvoker$MethodInvocationAgent.invoke(TestInvoker.java:957)
at org.testng.internal.invokers.TestInvoker.invokeTestMethods(TestInvoker.java:200)
at org.testng.internal.invokers.TestMethodWorker.invokeTestMethods(TestMethodWorker.java:148)
at org.testng.internal.invokers.TestMethodWorker.run(TestMethodWorker.java:128)
at java.base/java.util.ArrayList.forEach(ArrayList.java:1511)
at org.testng.TestRunner.privateRun(TestRunner.java:848)
at org.testng.TestRunner.run(TestRunner.java:621)
at org.testng.SuiteRunner.runTest(SuiteRunner.java:443)
at org.testng.SuiteRunner.runSequentially(SuiteRunner.java:437)
at org.testng.SuiteRunner.privateRun(SuiteRunner.java:397)
at org.testng.SuiteRunner.run(SuiteRunner.java:336)
at org.testng.SuiteRunnerWorker.runSuite(SuiteRunnerWorker.java:52)
at org.testng.SuiteRunnerWorker.run(SuiteRunnerWorker.java:95)
at org.testng.TestNG.runSuitesSequentially(TestNG.java:1280)
at org.testng.TestNG.runSuitesLocally(TestNG.java:1200)
at org.testng.TestNG.runSuites(TestNG.java:1114)
at org.testng.TestNG.run(TestNG.java:1082)
at org.testng.remote.AbstractRemoteTestNG.run(AbstractRemoteTestNG.java:115)
at org.testng.remote.RemoteTestNG.initAndRun(RemoteTestNG.java:251)
at org.testng.remote.RemoteTestNG.main(RemoteTestNG.java:77)
]]>
    </failure>
    <system-out>
      <![CDATA[TC execution started for TCvalidateUserName
Waiting for3000miliSec
getting actual UserName
reading data UNfrom property file
taking Screenshot
Screenshot location is...C:\Users\HP\eclipse-workspace\PolicyBazaar\screenshots\validateUserName.png]]>
    </system-out>
  </testcase> <!-- validateUserName -->
  <system-out>
    <![CDATA[Waiting for1000miliSec
reading data urlfrom property file
Launching browser
Waiting for2000miliSec
Cliking on homepage SignInButton
Waiting for2000miliSec
reading data mobNumfrom property file
entering mobile number
Waiting for3000miliSec
Clicking On SignInWithPassword
Waiting for2000miliSec
reading data pwdfrom property file
entering password
Waiting for2000miliSec
clicking On SignInButton
Waiting for2000miliSec
clicking On MyAccountButton
Waiting for2000miliSec
clicking On MyProfileButton
Waiting for2000miliSec
Switching to childPage
Waiting for3000miliSec
TC execution started for TCvalidateUserName
Waiting for3000miliSec
getting actual UserName
reading data UNfrom property file
taking Screenshot
Screenshot location is...C:\Users\HP\eclipse-workspace\PolicyBazaar\screenshots\validateUserName.png
logging out...
Waiting for1000miliSec
Closing Browser]]>
  </system-out>
</testsuite> <!-- test.PB_TC_1020_ValidatePolicyUserName -->
